<?xml version="1.0" encoding="UTF-8"?>
<!-- Generated by org.testng.reporters.JUnitReportReporter -->
<testsuite hostname="LAPTOP-ATNFO35U" failures="0" tests="1" name="com.dd.keywor.test.LoginTest" time="6.119" errors="0" timestamp="17 Feb 2023 08:00:18 GMT" skipped="0">
  <testcase classname="com.dd.keywor.test.LoginTest" name="loginTest" time="6.119"/>
</testsuite> <!-- com.dd.keywor.test.LoginTest -->
